Build started 23/03/2012 15:53:16.
     1>Project "C:\Users\Dario\documents\visual studio 2010\Projects\EE1Spring\Encrypt\Encrypt\Encrypt.vcxproj" on node 2 (build target(s)).
     1>InitializeBuildStatus:
         Creating "Debug\Encrypt.unsuccessfulbuild" because "AlwaysCreate" was specified.
       ClCompile:
         c:\Program Files (x86)\Microsoft Visual Studio 10.0\VC\bin\CL.exe /c /ZI /nologo /W3 /WX- /Od /Oy- /D WIN32 /D _DEBUG /D _WINDOWS /D _USRDLL /D ENCRYPT_EXPORTS /D _WINDLL /D _UNICODE /D UNICODE /Gm /EHsc /RTC1 /MDd /GS /fp:precise /Zc:wchar_t /Zc:forScope /Fo"Debug\\" /Fd"Debug\vc100.pdb" /Gd /TP /analyze- /errorReport:prompt EnDeFunctions.cpp
         EnDeFunctions.cpp
     1>c:\users\dario\documents\visual studio 2010\projects\ee1spring\encrypt\encrypt\endefunctions.cpp(37): warning C4244: 'argument' : conversion from 'double' to 'int', possible loss of data
     1>c:\users\dario\documents\visual studio 2010\projects\ee1spring\encrypt\encrypt\endefunctions.cpp(37): warning C4244: 'argument' : conversion from 'double' to 'int', possible loss of data
     1>c:\users\dario\documents\visual studio 2010\projects\ee1spring\encrypt\encrypt\endefunctions.cpp(59): warning C4244: '=' : conversion from 'double' to 'int', possible loss of data
     1>c:\users\dario\documents\visual studio 2010\projects\ee1spring\encrypt\encrypt\endefunctions.cpp(121): warning C4018: '<' : signed/unsigned mismatch
     1>c:\users\dario\documents\visual studio 2010\projects\ee1spring\encrypt\encrypt\endefunctions.cpp(46): warning C4715: 'multiplyMatrix' : not all control paths return a value
       ManifestResourceCompile:
         All outputs are up-to-date.
       Link:
         c:\Program Files (x86)\Microsoft Visual Studio 10.0\VC\bin\link.exe /ERRORREPORT:PROMPT /OUT:"C:\Users\Dario\documents\visual studio 2010\Projects\EE1Spring\Encrypt\Debug\Encrypt.dll" /INCREMENTAL /NOLOGO kernel32.lib user32.lib gdi32.lib winspool.lib comdlg32.lib advapi32.lib shell32.lib ole32.lib oleaut32.lib uuid.lib odbc32.lib odbccp32.lib /MANIFEST /ManifestFile:"Debug\Encrypt.dll.intermediate.manifest" /MANIFESTUAC:"level='asInvoker' uiAccess='false'" /DEBUG /PDB:"C:\Users\Dario\documents\visual studio 2010\Projects\EE1Spring\Encrypt\Debug\Encrypt.pdb" /SUBSYSTEM:WINDOWS /TLBID:1 /DYNAMICBASE /NXCOMPAT /IMPLIB:"C:\Users\Dario\documents\visual studio 2010\Projects\EE1Spring\Encrypt\Debug\Encrypt.lib" /MACHINE:X86 /DLL Debug\Encrypt.dll.embed.manifest.res
         Debug\EnDeFunctions.obj
            Creating library C:\Users\Dario\documents\visual studio 2010\Projects\EE1Spring\Encrypt\Debug\Encrypt.lib and object C:\Users\Dario\documents\visual studio 2010\Projects\EE1Spring\Encrypt\Debug\Encrypt.exp
       Manifest:
         C:\Program Files (x86)\Microsoft SDKs\Windows\v7.0A\bin\mt.exe /nologo /verbose /out:"Debug\Encrypt.dll.embed.manifest" /manifest Debug\Encrypt.dll.intermediate.manifest
         All outputs are up-to-date.
       LinkEmbedManifest:
         All outputs are up-to-date.
         Encrypt.vcxproj -> C:\Users\Dario\documents\visual studio 2010\Projects\EE1Spring\Encrypt\Debug\Encrypt.dll
       FinalizeBuildStatus:
         Deleting file "Debug\Encrypt.unsuccessfulbuild".
         Touching "Debug\Encrypt.lastbuildstate".
     1>Done Building Project "C:\Users\Dario\documents\visual studio 2010\Projects\EE1Spring\Encrypt\Encrypt\Encrypt.vcxproj" (build target(s)).

Build succeeded.

Time Elapsed 00:00:02.96
