Build started 23/03/2012 15:53:20.
     1>Project "C:\Users\Dario\documents\visual studio 2010\Projects\EE1Spring\Encrypt\GUI\GUI.vcxproj" on node 2 (build target(s)).
     1>InitializeBuildStatus:
         Creating "Debug\GUI.unsuccessfulbuild" because "AlwaysCreate" was specified.
       GenerateTargetFrameworkMonikerAttribute:
       Skipping target "GenerateTargetFrameworkMonikerAttribute" because all output files are up-to-date with respect to the input files.
       ClCompile:
         All outputs are up-to-date.
         c:\Program Files (x86)\Microsoft Visual Studio 10.0\VC\bin\CL.exe /c /I"C:\Users\Dario\Documents\Visual Studio 2010\Projects\EE1Spring\Encrypt\Encrypt" /AI"C:\Program Files (x86)\Reference Assemblies\Microsoft\Framework\.NETFramework\v4.0" /Zi /clr /nologo /W3 /WX- /Od /Oy- /D WIN32 /D _DEBUG /D _UNICODE /D UNICODE /EHa /MDd /GS /fp:precise /Zc:wchar_t /Zc:forScope /Yu"StdAfx.h" /Fp"Debug\GUI.pch" /Fo"Debug\\" /Fd"Debug\vc100.pdb" /TP /FU"C:\Program Files (x86)\Reference Assemblies\Microsoft\Framework\.NETFramework\v4.0\System.Core.dll" /FU"C:\Program Files (x86)\Reference Assemblies\Microsoft\Framework\.NETFramework\v4.0\System.Data.dll" /FU"C:\Program Files (x86)\Reference Assemblies\Microsoft\Framework\.NETFramework\v4.0\System.dll" /FU"C:\Program Files (x86)\Reference Assemblies\Microsoft\Framework\.NETFramework\v4.0\System.Drawing.dll" /FU"C:\Program Files (x86)\Reference Assemblies\Microsoft\Framework\.NETFramework\v4.0\System.Windows.Forms.dll" /FU"C:\Program Files (x86)\Reference Assemblies\Microsoft\Framework\.NETFramework\v4.0\System.Xml.dll" /analyze- /errorReport:prompt GUI.cpp /clr:nostdlib 
         GUI.cpp
     1>c:\users\dario\documents\visual studio 2010\projects\ee1spring\encrypt\gui\Form1.h(269): warning C4018: '<' : signed/unsigned mismatch
         All outputs are up-to-date.
       CoreResGen:
         All outputs are up-to-date.
       ResourceCompile:
         All outputs are up-to-date.
       Link:
         c:\Program Files (x86)\Microsoft Visual Studio 10.0\VC\bin\link.exe /ERRORREPORT:PROMPT /OUT:"C:\Users\Dario\documents\visual studio 2010\Projects\EE1Spring\Encrypt\Debug\GUI.exe" /INCREMENTAL /NOLOGO /ASSEMBLYRESOURCE:Debug\GUI.Form1.resources /MANIFEST /ManifestFile:"Debug\GUI.exe.intermediate.manifest" /MANIFESTUAC:"level='asInvoker' uiAccess='false'" /DEBUG /PDB:"C:\Users\Dario\documents\visual studio 2010\Projects\EE1Spring\Encrypt\Debug\GUI.pdb" /ASSEMBLYDEBUG /SUBSYSTEM:WINDOWS /TLBID:1 /ENTRY:"main" /DYNAMICBASE /FIXED:NO /NXCOMPAT /MACHINE:X86 Debug\app.res
         Debug\AssemblyInfo.obj
         Debug\GUI.obj
         Debug\stdafx.obj
         "Debug\.NETFramework,Version=v4.0.AssemblyAttributes.obj"
         "C:\Users\Dario\documents\visual studio 2010\Projects\EE1Spring\Encrypt\Debug\Encrypt.lib"
         GUI.vcxproj -> C:\Users\Dario\documents\visual studio 2010\Projects\EE1Spring\Encrypt\Debug\GUI.exe
       Manifest:
         C:\Program Files (x86)\Microsoft SDKs\Windows\v7.0A\bin\mt.exe /nologo /verbose /outputresource:"C:\Users\Dario\documents\visual studio 2010\Projects\EE1Spring\Encrypt\Debug\GUI.exe;#1" /manifest Debug\GUI.exe.intermediate.manifest
       FinalizeBuildStatus:
         Deleting file "Debug\GUI.unsuccessfulbuild".
         Touching "Debug\GUI.lastbuildstate".
     1>Done Building Project "C:\Users\Dario\documents\visual studio 2010\Projects\EE1Spring\Encrypt\GUI\GUI.vcxproj" (build target(s)).

Build succeeded.

Time Elapsed 00:00:04.91
